The system is: Darwin - 13.4.0 - i386
Compiling the C compiler identification source file "CMakeCCompilerId.c" succeeded.
Compiler: /usr/local/bin/cc 
Build flags: 
Id flags: 

The output was:
0


Compilation of the C compiler identification source "CMakeCCompilerId.c" produced "a.out"

The C compiler identification is GNU, found in "/Users/alex/tmp/games/mume-game/MMapper/build/CMakeFiles/2.8.12.2/CompilerIdC/a.out"

Compiling the CXX compiler identification source file "CMakeCXXCompilerId.cpp" succeeded.
Compiler: /usr/bin/c++ 
Build flags: 
Id flags: 

The output was:
0


Compilation of the CXX compiler identification source "CMakeCXXCompilerId.cpp" produced "a.out"

The CXX compiler identification is Clang, found in "/Users/alex/tmp/games/mume-game/MMapper/build/CMakeFiles/2.8.12.2/CompilerIdCXX/a.out"

Determining if the C compiler works passed with the following output:
Change Dir: /Users/alex/tmp/games/mume-game/MMapper/build/CMakeFiles/CMakeTmp

Run Build Command:/usr/bin/make "cmTryCompileExec3514387682/fast"
/Applications/Xcode.app/Contents/Developer/usr/bin/make -f CMakeFiles/cmTryCompileExec3514387682.dir/build.make CMakeFiles/cmTryCompileExec3514387682.dir/build
/usr/local/Cellar/cmake/2.8.12.2/bin/cmake -E cmake_progress_report /Users/alex/tmp/games/mume-game/MMapper/build/CMakeFiles/CMakeTmp/CMakeFiles 1
Building C object CMakeFiles/cmTryCompileExec3514387682.dir/testCCompiler.c.o
/usr/local/bin/cc    -o CMakeFiles/cmTryCompileExec3514387682.dir/testCCompiler.c.o   -c /Users/alex/tmp/games/mume-game/MMapper/build/CMakeFiles/CMakeTmp/testCCompiler.c
Linking C executable cmTryCompileExec3514387682
/usr/local/Cellar/cmake/2.8.12.2/bin/cmake -E cmake_link_script CMakeFiles/cmTryCompileExec3514387682.dir/link.txt --verbose=1
/usr/local/bin/cc    -Wl,-search_paths_first -Wl,-headerpad_max_install_names   CMakeFiles/cmTryCompileExec3514387682.dir/testCCompiler.c.o  -o cmTryCompileExec3514387682  


Detecting C compiler ABI info compiled with the following output:
Change Dir: /Users/alex/tmp/games/mume-game/MMapper/build/CMakeFiles/CMakeTmp

Run Build Command:/usr/bin/make "cmTryCompileExec3082631396/fast"
/Applications/Xcode.app/Contents/Developer/usr/bin/make -f CMakeFiles/cmTryCompileExec3082631396.dir/build.make CMakeFiles/cmTryCompileExec3082631396.dir/build
/usr/local/Cellar/cmake/2.8.12.2/bin/cmake -E cmake_progress_report /Users/alex/tmp/games/mume-game/MMapper/build/CMakeFiles/CMakeTmp/CMakeFiles 1
Building C object CMakeFiles/cmTryCompileExec3082631396.dir/CMakeCCompilerABI.c.o
/usr/local/bin/cc    -o CMakeFiles/cmTryCompileExec3082631396.dir/CMakeCCompilerABI.c.o   -c /usr/local/Cellar/cmake/2.8.12.2/share/cmake/Modules/CMakeCCompilerABI.c
Linking C executable cmTryCompileExec3082631396
/usr/local/Cellar/cmake/2.8.12.2/bin/cmake -E cmake_link_script CMakeFiles/cmTryCompileExec3082631396.dir/link.txt --verbose=1
/usr/local/bin/cc    -Wl,-search_paths_first -Wl,-headerpad_max_install_names -v -Wl,-v CMakeFiles/cmTryCompileExec3082631396.dir/CMakeCCompilerABI.c.o  -o cmTryCompileExec3082631396   
Using built-in specs.
COLLECT_GCC=/usr/local/bin/cc
COLLECT_LTO_WRAPPER=/usr/local/Cellar/gcc/4.9.1/libexec/gcc/x86_64-apple-darwin13.2.0/4.9.1/lto-wrapper
Target: x86_64-apple-darwin13.2.0
Configured with: ../configure --build=x86_64-apple-darwin13.2.0 --prefix=/usr/local/Cellar/gcc/4.9.1 --enable-languages=c,c++,objc,obj-c++,fortran --program-suffix=-4.9 --with-gmp=/usr/local/opt/gmp --with-mpfr=/usr/local/opt/mpfr --with-mpc=/usr/local/opt/libmpc --with-cloog=/usr/local/opt/cloog --with-isl=/usr/local/opt/isl --with-system-zlib --enable-version-specific-runtime-libs --enable-libstdcxx-time=yes --enable-stage1-checking --enable-checking=release --enable-lto --disable-werror --with-pkgversion='Homebrew gcc 4.9.1' --with-bugurl=https://github.com/Homebrew/homebrew/issues --enable-plugin --disable-nls --enable-multilib
Thread model: posix
gcc version 4.9.1 (Homebrew gcc 4.9.1) 
COMPILER_PATH=/usr/local/Cellar/gcc/4.9.1/libexec/gcc/x86_64-apple-darwin13.2.0/4.9.1/:/usr/local/Cellar/gcc/4.9.1/libexec/gcc/x86_64-apple-darwin13.2.0/4.9.1/:/usr/local/Cellar/gcc/4.9.1/libexec/gcc/x86_64-apple-darwin13.2.0/:/usr/local/Cellar/gcc/4.9.1/lib/gcc/x86_64-apple-darwin13.2.0/4.9.1/:/usr/local/Cellar/gcc/4.9.1/lib/gcc/x86_64-apple-darwin13.2.0/
LIBRARY_PATH=/usr/local/Cellar/gcc/4.9.1/lib/gcc/x86_64-apple-darwin13.2.0/4.9.1/:/usr/local/Cellar/gcc/4.9.1/lib/gcc/x86_64-apple-darwin13.2.0/4.9.1/../../../:/usr/lib/
COLLECT_GCC_OPTIONS='-mmacosx-version-min=10.9.4' '-v' '-o' 'cmTryCompileExec3082631396' '-mtune=core2'
 /usr/local/Cellar/gcc/4.9.1/libexec/gcc/x86_64-apple-darwin13.2.0/4.9.1/collect2 -dynamic -arch x86_64 -macosx_version_min 10.9.4 -weak_reference_mismatches non-weak -o cmTryCompileExec3082631396 -L/usr/local/Cellar/gcc/4.9.1/lib/gcc/x86_64-apple-darwin13.2.0/4.9.1 -L/usr/local/Cellar/gcc/4.9.1/lib/gcc/x86_64-apple-darwin13.2.0/4.9.1/../../.. -search_paths_first -headerpad_max_install_names -v CMakeFiles/cmTryCompileExec3082631396.dir/CMakeCCompilerABI.c.o -no_compact_unwind -lSystem -lgcc_ext.10.5 -lgcc -lSystem -v
collect2 version 4.9.1
/usr/bin/ld -dynamic -arch x86_64 -macosx_version_min 10.9.4 -weak_reference_mismatches non-weak -o cmTryCompileExec3082631396 -L/usr/local/Cellar/gcc/4.9.1/lib/gcc/x86_64-apple-darwin13.2.0/4.9.1 -L/usr/local/Cellar/gcc/4.9.1/lib/gcc/x86_64-apple-darwin13.2.0/4.9.1/../../.. -search_paths_first -headerpad_max_install_names -v CMakeFiles/cmTryCompileExec3082631396.dir/CMakeCCompilerABI.c.o -no_compact_unwind -lSystem -lgcc_ext.10.5 -lgcc -lSystem -v
@(#)PROGRAM:ld  PROJECT:ld64-241.9
configured to support archs: armv6 armv7 armv7s arm64 i386 x86_64 x86_64h armv6m armv7m armv7em
@(#)PROGRAM:ld  PROJECT:ld64-241.9
configured to support archs: armv6 armv7 armv7s arm64 i386 x86_64 x86_64h armv6m armv7m armv7em
Library search paths:
	/usr/local/Cellar/gcc/4.9.1/lib/gcc/x86_64-apple-darwin13.2.0/4.9.1
	/usr/local/Cellar/gcc/4.9.1/lib
	/usr/lib
	/usr/local/lib
Framework search paths:
	/Library/Frameworks/
	/System/Library/Frameworks/
 /usr/bin/nm -n CMakeFiles/cmTryCompileExec3082631396.dir/CMakeCCompilerABI.c.o


Parsed C implicit link information from above output:
  link line regex: [^( *|.*[/\])(ld|([^/\]+-)?ld|collect2)[^/\]*( |$)]
  ignore line: [Change Dir: /Users/alex/tmp/games/mume-game/MMapper/build/CMakeFiles/CMakeTmp]
  ignore line: []
  ignore line: [Run Build Command:/usr/bin/make "cmTryCompileExec3082631396/fast"]
  ignore line: [/Applications/Xcode.app/Contents/Developer/usr/bin/make -f CMakeFiles/cmTryCompileExec3082631396.dir/build.make CMakeFiles/cmTryCompileExec3082631396.dir/build]
  ignore line: [/usr/local/Cellar/cmake/2.8.12.2/bin/cmake -E cmake_progress_report /Users/alex/tmp/games/mume-game/MMapper/build/CMakeFiles/CMakeTmp/CMakeFiles 1]
  ignore line: [Building C object CMakeFiles/cmTryCompileExec3082631396.dir/CMakeCCompilerABI.c.o]
  ignore line: [/usr/local/bin/cc    -o CMakeFiles/cmTryCompileExec3082631396.dir/CMakeCCompilerABI.c.o   -c /usr/local/Cellar/cmake/2.8.12.2/share/cmake/Modules/CMakeCCompilerABI.c]
  ignore line: [Linking C executable cmTryCompileExec3082631396]
  ignore line: [/usr/local/Cellar/cmake/2.8.12.2/bin/cmake -E cmake_link_script CMakeFiles/cmTryCompileExec3082631396.dir/link.txt --verbose=1]
  ignore line: [/usr/local/bin/cc    -Wl,-search_paths_first -Wl,-headerpad_max_install_names -v -Wl,-v CMakeFiles/cmTryCompileExec3082631396.dir/CMakeCCompilerABI.c.o  -o cmTryCompileExec3082631396   ]
  ignore line: [Using built-in specs.]
  ignore line: [COLLECT_GCC=/usr/local/bin/cc]
  ignore line: [COLLECT_LTO_WRAPPER=/usr/local/Cellar/gcc/4.9.1/libexec/gcc/x86_64-apple-darwin13.2.0/4.9.1/lto-wrapper]
  ignore line: [Target: x86_64-apple-darwin13.2.0]
  ignore line: [Configured with: ../configure --build=x86_64-apple-darwin13.2.0 --prefix=/usr/local/Cellar/gcc/4.9.1 --enable-languages=c,c++,objc,obj-c++,fortran --program-suffix=-4.9 --with-gmp=/usr/local/opt/gmp --with-mpfr=/usr/local/opt/mpfr --with-mpc=/usr/local/opt/libmpc --with-cloog=/usr/local/opt/cloog --with-isl=/usr/local/opt/isl --with-system-zlib --enable-version-specific-runtime-libs --enable-libstdcxx-time=yes --enable-stage1-checking --enable-checking=release --enable-lto --disable-werror --with-pkgversion='Homebrew gcc 4.9.1' --with-bugurl=https://github.com/Homebrew/homebrew/issues --enable-plugin --disable-nls --enable-multilib]
  ignore line: [Thread model: posix]
  ignore line: [gcc version 4.9.1 (Homebrew gcc 4.9.1) ]
  ignore line: [COMPILER_PATH=/usr/local/Cellar/gcc/4.9.1/libexec/gcc/x86_64-apple-darwin13.2.0/4.9.1/:/usr/local/Cellar/gcc/4.9.1/libexec/gcc/x86_64-apple-darwin13.2.0/4.9.1/:/usr/local/Cellar/gcc/4.9.1/libexec/gcc/x86_64-apple-darwin13.2.0/:/usr/local/Cellar/gcc/4.9.1/lib/gcc/x86_64-apple-darwin13.2.0/4.9.1/:/usr/local/Cellar/gcc/4.9.1/lib/gcc/x86_64-apple-darwin13.2.0/]
  ignore line: [LIBRARY_PATH=/usr/local/Cellar/gcc/4.9.1/lib/gcc/x86_64-apple-darwin13.2.0/4.9.1/:/usr/local/Cellar/gcc/4.9.1/lib/gcc/x86_64-apple-darwin13.2.0/4.9.1/../../../:/usr/lib/]
  ignore line: [COLLECT_GCC_OPTIONS='-mmacosx-version-min=10.9.4' '-v' '-o' 'cmTryCompileExec3082631396' '-mtune=core2']
  link line: [ /usr/local/Cellar/gcc/4.9.1/libexec/gcc/x86_64-apple-darwin13.2.0/4.9.1/collect2 -dynamic -arch x86_64 -macosx_version_min 10.9.4 -weak_reference_mismatches non-weak -o cmTryCompileExec3082631396 -L/usr/local/Cellar/gcc/4.9.1/lib/gcc/x86_64-apple-darwin13.2.0/4.9.1 -L/usr/local/Cellar/gcc/4.9.1/lib/gcc/x86_64-apple-darwin13.2.0/4.9.1/../../.. -search_paths_first -headerpad_max_install_names -v CMakeFiles/cmTryCompileExec3082631396.dir/CMakeCCompilerABI.c.o -no_compact_unwind -lSystem -lgcc_ext.10.5 -lgcc -lSystem -v]
    arg [/usr/local/Cellar/gcc/4.9.1/libexec/gcc/x86_64-apple-darwin13.2.0/4.9.1/collect2] ==> ignore
    arg [-dynamic] ==> ignore
    arg [-arch] ==> ignore
    arg [x86_64] ==> ignore
    arg [-macosx_version_min] ==> ignore
    arg [10.9.4] ==> ignore
    arg [-weak_reference_mismatches] ==> ignore
    arg [non-weak] ==> ignore
    arg [-o] ==> ignore
    arg [cmTryCompileExec3082631396] ==> ignore
    arg [-L/usr/local/Cellar/gcc/4.9.1/lib/gcc/x86_64-apple-darwin13.2.0/4.9.1] ==> dir [/usr/local/Cellar/gcc/4.9.1/lib/gcc/x86_64-apple-darwin13.2.0/4.9.1]
    arg [-L/usr/local/Cellar/gcc/4.9.1/lib/gcc/x86_64-apple-darwin13.2.0/4.9.1/../../..] ==> dir [/usr/local/Cellar/gcc/4.9.1/lib/gcc/x86_64-apple-darwin13.2.0/4.9.1/../../..]
    arg [-search_paths_first] ==> ignore
    arg [-headerpad_max_install_names] ==> ignore
    arg [-v] ==> ignore
    arg [CMakeFiles/cmTryCompileExec3082631396.dir/CMakeCCompilerABI.c.o] ==> ignore
    arg [-no_compact_unwind] ==> ignore
    arg [-lSystem] ==> lib [System]
    arg [-lgcc_ext.10.5] ==> lib [gcc_ext.10.5]
    arg [-lgcc] ==> lib [gcc]
    arg [-lSystem] ==> lib [System]
    arg [-v] ==> ignore
  Library search paths: [;/usr/local/Cellar/gcc/4.9.1/lib/gcc/x86_64-apple-darwin13.2.0/4.9.1;/usr/local/Cellar/gcc/4.9.1/lib;/usr/lib;/usr/local/lib]
  Framework search paths: [;/Library/Frameworks/;/System/Library/Frameworks/]
  remove lib [System]
  remove lib [gcc_ext.10.5]
  remove lib [gcc]
  remove lib [System]
  collapse library dir [/usr/local/Cellar/gcc/4.9.1/lib/gcc/x86_64-apple-darwin13.2.0/4.9.1] ==> [/usr/local/Cellar/gcc/4.9.1/lib/gcc/x86_64-apple-darwin13.2.0/4.9.1]
  collapse library dir [/usr/local/Cellar/gcc/4.9.1/lib/gcc/x86_64-apple-darwin13.2.0/4.9.1/../../..] ==> [/usr/local/Cellar/gcc/4.9.1/lib]
  collapse library dir [/usr/local/Cellar/gcc/4.9.1/lib/gcc/x86_64-apple-darwin13.2.0/4.9.1] ==> [/usr/local/Cellar/gcc/4.9.1/lib/gcc/x86_64-apple-darwin13.2.0/4.9.1]
  collapse library dir [/usr/local/Cellar/gcc/4.9.1/lib] ==> [/usr/local/Cellar/gcc/4.9.1/lib]
  collapse library dir [/usr/lib] ==> [/usr/lib]
  collapse library dir [/usr/local/lib] ==> [/usr/local/lib]
  collapse framework dir [/Library/Frameworks/] ==> [/Library/Frameworks]
  collapse framework dir [/System/Library/Frameworks/] ==> [/System/Library/Frameworks]
  implicit libs: []
  implicit dirs: [/usr/local/Cellar/gcc/4.9.1/lib/gcc/x86_64-apple-darwin13.2.0/4.9.1;/usr/local/Cellar/gcc/4.9.1/lib;/usr/lib;/usr/local/lib]
  implicit fwks: [/Library/Frameworks;/System/Library/Frameworks]


Determining if the CXX compiler works passed with the following output:
Change Dir: /Users/alex/tmp/games/mume-game/MMapper/build/CMakeFiles/CMakeTmp

Run Build Command:/usr/bin/make "cmTryCompileExec3554348032/fast"
/Applications/Xcode.app/Contents/Developer/usr/bin/make -f CMakeFiles/cmTryCompileExec3554348032.dir/build.make CMakeFiles/cmTryCompileExec3554348032.dir/build
/usr/local/Cellar/cmake/2.8.12.2/bin/cmake -E cmake_progress_report /Users/alex/tmp/games/mume-game/MMapper/build/CMakeFiles/CMakeTmp/CMakeFiles 1
Building CXX object CMakeFiles/cmTryCompileExec3554348032.dir/testCXXCompiler.cxx.o
/usr/bin/c++     -o CMakeFiles/cmTryCompileExec3554348032.dir/testCXXCompiler.cxx.o -c /Users/alex/tmp/games/mume-game/MMapper/build/CMakeFiles/CMakeTmp/testCXXCompiler.cxx
Linking CXX executable cmTryCompileExec3554348032
/usr/local/Cellar/cmake/2.8.12.2/bin/cmake -E cmake_link_script CMakeFiles/cmTryCompileExec3554348032.dir/link.txt --verbose=1
/usr/bin/c++     -Wl,-search_paths_first -Wl,-headerpad_max_install_names   CMakeFiles/cmTryCompileExec3554348032.dir/testCXXCompiler.cxx.o  -o cmTryCompileExec3554348032  


Detecting CXX compiler ABI info compiled with the following output:
Change Dir: /Users/alex/tmp/games/mume-game/MMapper/build/CMakeFiles/CMakeTmp

Run Build Command:/usr/bin/make "cmTryCompileExec2622947272/fast"
/Applications/Xcode.app/Contents/Developer/usr/bin/make -f CMakeFiles/cmTryCompileExec2622947272.dir/build.make CMakeFiles/cmTryCompileExec2622947272.dir/build
/usr/local/Cellar/cmake/2.8.12.2/bin/cmake -E cmake_progress_report /Users/alex/tmp/games/mume-game/MMapper/build/CMakeFiles/CMakeTmp/CMakeFiles 1
Building CXX object CMakeFiles/cmTryCompileExec2622947272.dir/CMakeCXXCompilerABI.cpp.o
/usr/bin/c++     -o CMakeFiles/cmTryCompileExec2622947272.dir/CMakeCXXCompilerABI.cpp.o -c /usr/local/Cellar/cmake/2.8.12.2/share/cmake/Modules/CMakeCXXCompilerABI.cpp
Linking CXX executable cmTryCompileExec2622947272
/usr/local/Cellar/cmake/2.8.12.2/bin/cmake -E cmake_link_script CMakeFiles/cmTryCompileExec2622947272.dir/link.txt --verbose=1
/usr/bin/c++     -Wl,-search_paths_first -Wl,-headerpad_max_install_names -v -Wl,-v CMakeFiles/cmTryCompileExec2622947272.dir/CMakeCXXCompilerABI.cpp.o  -o cmTryCompileExec2622947272   
Apple LLVM version 6.0 (clang-600.0.54) (based on LLVM 3.5svn)
Target: x86_64-apple-darwin13.4.0
Thread model: posix
 "/Applications/Xcode.app/Contents/Developer/Toolchains/XcodeDefault.xctoolchain/usr/bin/ld" -demangle -dynamic -arch x86_64 -macosx_version_min 10.9.0 -o cmTryCompileExec2622947272 -search_paths_first -headerpad_max_install_names -v CMakeFiles/cmTryCompileExec2622947272.dir/CMakeCXXCompilerABI.cpp.o -lc++ -lSystem /Applications/Xcode.app/Contents/Developer/Toolchains/XcodeDefault.xctoolchain/usr/bin/../lib/clang/6.0/lib/darwin/libclang_rt.osx.a
@(#)PROGRAM:ld  PROJECT:ld64-241.9
configured to support archs: armv6 armv7 armv7s arm64 i386 x86_64 x86_64h armv6m armv7m armv7em
Library search paths:
	/usr/lib
	/usr/local/lib
Framework search paths:
	/Library/Frameworks/
	/System/Library/Frameworks/


Parsed CXX implicit link information from above output:
  link line regex: [^( *|.*[/\])(ld|([^/\]+-)?ld|collect2)[^/\]*( |$)]
  ignore line: [Change Dir: /Users/alex/tmp/games/mume-game/MMapper/build/CMakeFiles/CMakeTmp]
  ignore line: []
  ignore line: [Run Build Command:/usr/bin/make "cmTryCompileExec2622947272/fast"]
  ignore line: [/Applications/Xcode.app/Contents/Developer/usr/bin/make -f CMakeFiles/cmTryCompileExec2622947272.dir/build.make CMakeFiles/cmTryCompileExec2622947272.dir/build]
  ignore line: [/usr/local/Cellar/cmake/2.8.12.2/bin/cmake -E cmake_progress_report /Users/alex/tmp/games/mume-game/MMapper/build/CMakeFiles/CMakeTmp/CMakeFiles 1]
  ignore line: [Building CXX object CMakeFiles/cmTryCompileExec2622947272.dir/CMakeCXXCompilerABI.cpp.o]
  ignore line: [/usr/bin/c++     -o CMakeFiles/cmTryCompileExec2622947272.dir/CMakeCXXCompilerABI.cpp.o -c /usr/local/Cellar/cmake/2.8.12.2/share/cmake/Modules/CMakeCXXCompilerABI.cpp]
  ignore line: [Linking CXX executable cmTryCompileExec2622947272]
  ignore line: [/usr/local/Cellar/cmake/2.8.12.2/bin/cmake -E cmake_link_script CMakeFiles/cmTryCompileExec2622947272.dir/link.txt --verbose=1]
  ignore line: [/usr/bin/c++     -Wl,-search_paths_first -Wl,-headerpad_max_install_names -v -Wl,-v CMakeFiles/cmTryCompileExec2622947272.dir/CMakeCXXCompilerABI.cpp.o  -o cmTryCompileExec2622947272   ]
  ignore line: [Apple LLVM version 6.0 (clang-600.0.54) (based on LLVM 3.5svn)]
  ignore line: [Target: x86_64-apple-darwin13.4.0]
  ignore line: [Thread model: posix]
  link line: [ "/Applications/Xcode.app/Contents/Developer/Toolchains/XcodeDefault.xctoolchain/usr/bin/ld" -demangle -dynamic -arch x86_64 -macosx_version_min 10.9.0 -o cmTryCompileExec2622947272 -search_paths_first -headerpad_max_install_names -v CMakeFiles/cmTryCompileExec2622947272.dir/CMakeCXXCompilerABI.cpp.o -lc++ -lSystem /Applications/Xcode.app/Contents/Developer/Toolchains/XcodeDefault.xctoolchain/usr/bin/../lib/clang/6.0/lib/darwin/libclang_rt.osx.a]
    arg [/Applications/Xcode.app/Contents/Developer/Toolchains/XcodeDefault.xctoolchain/usr/bin/ld] ==> ignore
    arg [-demangle] ==> ignore
    arg [-dynamic] ==> ignore
    arg [-arch] ==> ignore
    arg [x86_64] ==> ignore
    arg [-macosx_version_min] ==> ignore
    arg [10.9.0] ==> ignore
    arg [-o] ==> ignore
    arg [cmTryCompileExec2622947272] ==> ignore
    arg [-search_paths_first] ==> ignore
    arg [-headerpad_max_install_names] ==> ignore
    arg [-v] ==> ignore
    arg [CMakeFiles/cmTryCompileExec2622947272.dir/CMakeCXXCompilerABI.cpp.o] ==> ignore
    arg [-lc++] ==> lib [c++]
    arg [-lSystem] ==> lib [System]
    arg [/Applications/Xcode.app/Contents/Developer/Toolchains/XcodeDefault.xctoolchain/usr/bin/../lib/clang/6.0/lib/darwin/libclang_rt.osx.a] ==> lib [/Applications/Xcode.app/Contents/Developer/Toolchains/XcodeDefault.xctoolchain/usr/bin/../lib/clang/6.0/lib/darwin/libclang_rt.osx.a]
  Library search paths: [;/usr/lib;/usr/local/lib]
  Framework search paths: [;/Library/Frameworks/;/System/Library/Frameworks/]
  remove lib [System]
  collapse lib [/Applications/Xcode.app/Contents/Developer/Toolchains/XcodeDefault.xctoolchain/usr/bin/../lib/clang/6.0/lib/darwin/libclang_rt.osx.a] ==> [/Applications/Xcode.app/Contents/Developer/Toolchains/XcodeDefault.xctoolchain/usr/lib/clang/6.0/lib/darwin/libclang_rt.osx.a]
  collapse library dir [/usr/lib] ==> [/usr/lib]
  collapse library dir [/usr/local/lib] ==> [/usr/local/lib]
  collapse framework dir [/Library/Frameworks/] ==> [/Library/Frameworks]
  collapse framework dir [/System/Library/Frameworks/] ==> [/System/Library/Frameworks]
  implicit libs: [c++;/Applications/Xcode.app/Contents/Developer/Toolchains/XcodeDefault.xctoolchain/usr/lib/clang/6.0/lib/darwin/libclang_rt.osx.a]
  implicit dirs: [/usr/lib;/usr/local/lib]
  implicit fwks: [/Library/Frameworks;/System/Library/Frameworks]


